<?xml version="1.0" encoding="UTF-8"?>
<testsuite xmlns:xsi="http://www.w3.org/2001/XMLSchema-instance" xsi:noNamespaceSchemaLocation="https://maven.apache.org/surefire/maven-surefire-plugin/xsd/surefire-test-report-3.0.xsd" version="3.0" name="org.example.AppTest" time="0.021" tests="1" errors="0" skipped="0" failures="0">
  <properties>
    <property name="java.specification.version" value="17"/>
    <property name="sun.cpu.isalist" value="amd64"/>
    <property name="sun.jnu.encoding" value="Cp1252"/>
    <property name="java.class.path" value="I:\Java_tuts_examples\SpringAnnoTelusko\target\test-classes;I:\Java_tuts_examples\SpringAnnoTelusko\target\classes;C:\Users\prajw\.m2\repository\junit\junit\3.8.1\junit-3.8.1.jar;C:\Users\prajw\.m2\repository\org\springframework\spring-context\4.2.9.RELEASE\spring-context-4.2.9.RELEASE.jar;C:\Users\prajw\.m2\repository\org\springframework\spring-aop\4.2.9.RELEASE\spring-aop-4.2.9.RELEASE.jar;C:\Users\prajw\.m2\repository\aopalliance\aopalliance\1.0\aopalliance-1.0.jar;C:\Users\prajw\.m2\repository\org\springframework\spring-beans\4.2.9.RELEASE\spring-beans-4.2.9.RELEASE.jar;C:\Users\prajw\.m2\repository\org\springframework\spring-core\4.2.9.RELEASE\spring-core-4.2.9.RELEASE.jar;C:\Users\prajw\.m2\repository\commons-logging\commons-logging\1.2\commons-logging-1.2.jar;C:\Users\prajw\.m2\repository\org\springframework\spring-expression\4.2.9.RELEASE\spring-expression-4.2.9.RELEASE.jar;"/>
    <property name="java.vm.vendor" value="Oracle Corporation"/>
    <property name="sun.arch.data.model" value="64"/>
    <property name="user.variant" value=""/>
    <property name="java.vendor.url" value="https://java.oracle.com/"/>
    <property name="user.timezone" value="Asia/Calcutta"/>
    <property name="os.name" value="Windows 11"/>
    <property name="java.vm.specification.version" value="17"/>
    <property name="sun.java.launcher" value="SUN_STANDARD"/>
    <property name="user.country" value="US"/>
    <property name="sun.boot.library.path" value="C:\Program Files\Java\jdk-17\bin"/>
    <property name="sun.java.command" value="C:\Users\prajw\AppData\Local\Temp\surefire8376871854246790552\surefirebooter-20250206231445842_3.jar C:\Users\prajw\AppData\Local\Temp\surefire8376871854246790552 2025-02-06T23-14-43_896-jvmRun1 surefire-20250206231445842_1tmp surefire_0-20250206231445842_2tmp"/>
    <property name="jdk.debug" value="release"/>
    <property name="surefire.test.class.path" value="I:\Java_tuts_examples\SpringAnnoTelusko\target\test-classes;I:\Java_tuts_examples\SpringAnnoTelusko\target\classes;C:\Users\prajw\.m2\repository\junit\junit\3.8.1\junit-3.8.1.jar;C:\Users\prajw\.m2\repository\org\springframework\spring-context\4.2.9.RELEASE\spring-context-4.2.9.RELEASE.jar;C:\Users\prajw\.m2\repository\org\springframework\spring-aop\4.2.9.RELEASE\spring-aop-4.2.9.RELEASE.jar;C:\Users\prajw\.m2\repository\aopalliance\aopalliance\1.0\aopalliance-1.0.jar;C:\Users\prajw\.m2\repository\org\springframework\spring-beans\4.2.9.RELEASE\spring-beans-4.2.9.RELEASE.jar;C:\Users\prajw\.m2\repository\org\springframework\spring-core\4.2.9.RELEASE\spring-core-4.2.9.RELEASE.jar;C:\Users\prajw\.m2\repository\commons-logging\commons-logging\1.2\commons-logging-1.2.jar;C:\Users\prajw\.m2\repository\org\springframework\spring-expression\4.2.9.RELEASE\spring-expression-4.2.9.RELEASE.jar;"/>
    <property name="sun.cpu.endian" value="little"/>
    <property name="user.home" value="C:\Users\prajw"/>
    <property name="user.language" value="en"/>
    <property name="java.specification.vendor" value="Oracle Corporation"/>
    <property name="java.version.date" value="2024-07-16"/>
    <property name="java.home" value="C:\Program Files\Java\jdk-17"/>
    <property name="file.separator" value="\"/>
    <property name="basedir" value="I:\Java_tuts_examples\SpringAnnoTelusko"/>
    <property name="java.vm.compressedOopsMode" value="32-bit"/>
    <property name="line.separator" value="&#10;"/>
    <property name="java.vm.specification.vendor" value="Oracle Corporation"/>
    <property name="java.specification.name" value="Java Platform API Specification"/>
    <property name="surefire.real.class.path" value="C:\Users\prajw\AppData\Local\Temp\surefire8376871854246790552\surefirebooter-20250206231445842_3.jar"/>
    <property name="user.script" value=""/>
    <property name="sun.management.compiler" value="HotSpot 64-Bit Tiered Compilers"/>
    <property name="java.runtime.version" value="17.0.12+8-LTS-286"/>
    <property name="user.name" value="prajw"/>
    <property name="path.separator" value=";"/>
    <property name="os.version" value="10.0"/>
    <property name="java.runtime.name" value="Java(TM) SE Runtime Environment"/>
    <property name="file.encoding" value="Cp1252"/>
    <property name="java.vm.name" value="Java HotSpot(TM) 64-Bit Server VM"/>
    <property name="localRepository" value="C:\Users\prajw\.m2\repository"/>
    <property name="java.vendor.url.bug" value="https://bugreport.java.com/bugreport/"/>
    <property name="java.io.tmpdir" value="C:\Users\prajw\AppData\Local\Temp\"/>
    <property name="idea.version" value="2024.2.4"/>
    <property name="java.version" value="17.0.12"/>
    <property name="user.dir" value="I:\Java_tuts_examples\SpringAnnoTelusko"/>
    <property name="os.arch" value="amd64"/>
    <property name="java.vm.specification.name" value="Java Virtual Machine Specification"/>
    <property name="sun.os.patch.level" value=""/>
    <property name="native.encoding" value="Cp1252"/>
    <property name="java.library.path" value="C:\Program Files\Java\jdk-17\bin;C:\WINDOWS\Sun\Java\bin;C:\WINDOWS\system32;C:\WINDOWS;C:\Program Files\Common Files\Oracle\Java\javapath;C:\Python312\Scripts\;C:\Python312\;C:\WINDOWS\system32;C:\WINDOWS;C:\WINDOWS\System32\Wbem;C:\WINDOWS\System32\WindowsPowerShell\v1.0\;C:\WINDOWS\System32\OpenSSH\;C:\MinGW\bin;C:\Program Files\nodejs\;C:\ProgramData\chocolatey\bin;C:\Program Files\Git\cmd;C:\Program Files\Java\jdk-17\bin;I:\;C:\Program Files\MongoDB\Server\8.0\bin;I:\apache-maven-3.9.9-bin\apache-maven-3.9.9\bin;C:\Program Files\MySQL\MySQL Shell 8.0\bin\;C:\Users\prajw\AppData\Local\Microsoft\WindowsApps;C:\Users\prajw\AppData\Local\Programs\Microsoft VS Code\bin;C:\Users\prajw\AppData\Roaming\npm;C:\Users\prajw\Desktop\Android SDK platform\platform-tools;C:\Program Files\JetBrains\PyCharm Community Edition 2024.2\bin;;C:\Program Files\JetBrains\IntelliJ IDEA Community Edition 2024.2.4\bin;;C:\Program Files\MongoDB\Server\8.0\bin;C:\Users\prajw\AppData\Local\Programs\mongosh\;."/>
    <property name="java.vm.info" value="mixed mode, sharing"/>
    <property name="java.vendor" value="Oracle Corporation"/>
    <property name="java.vm.version" value="17.0.12+8-LTS-286"/>
    <property name="sun.io.unicode.encoding" value="UnicodeLittle"/>
    <property name="java.class.version" value="61.0"/>
  </properties>
  <testcase name="testApp" classname="org.example.AppTest" time="0.002"/>
</testsuite>